TN:
SF:/home/jgero/Documents/repos/roesena-app/hosting/src/polyfills.ts
FNF:0
FNH:0
LF:0
LH:0
BRF:0
BRH:0
end_of_record
TN:
SF:/home/jgero/Documents/repos/roesena-app/hosting/src/test.ts
FNF:0
FNH:0
DA:18,1
DA:23,1
DA:25,1
LF:3
LH:3
BRF:0
BRH:0
end_of_record
TN:
SF:/home/jgero/Documents/repos/roesena-app/hosting/src/app/app-root/about/about.component.ts
FN:12,(anonymous_0)
FNF:1
FNH:1
FNDA:1,(anonymous_0)
DA:10,1
DA:13,1
LF:2
LH:2
BRF:0
BRH:0
end_of_record
TN:
SF:/home/jgero/Documents/repos/roesena-app/hosting/src/app/app-root/not-found/not-found.component.ts
FN:12,(anonymous_0)
FN:14,(anonymous_1)
FNF:2
FNH:1
FNDA:1,(anonymous_0)
FNDA:0,(anonymous_1)
DA:11,1
DA:12,1
DA:15,0
DA:16,0
DA:18,0
LF:5
LH:2
BRDA:15,0,0,0
BRDA:15,0,1,0
BRF:2
BRH:0
end_of_record
TN:
SF:/home/jgero/Documents/repos/roesena-app/hosting/src/app/app-root/root/root.component.ts
FN:23,(anonymous_0)
FN:18,(anonymous_1)
FN:32,(anonymous_2)
FN:34,(anonymous_3)
FN:36,(anonymous_4)
FN:38,(anonymous_5)
FN:38,(anonymous_6)
FN:41,(anonymous_7)
FN:42,(anonymous_8)
FN:47,(anonymous_9)
FN:53,(anonymous_10)
FNF:11
FNH:2
FNDA:1,(anonymous_0)
FNDA:1,(anonymous_1)
FNDA:0,(anonymous_2)
FNDA:0,(anonymous_3)
FNDA:0,(anonymous_4)
FNDA:0,(anonymous_5)
FNDA:0,(anonymous_6)
FNDA:0,(anonymous_7)
FNDA:0,(anonymous_8)
FNDA:0,(anonymous_9)
FNDA:0,(anonymous_10)
DA:16,1
DA:17,1
DA:18,1
DA:24,1
DA:25,1
DA:26,1
DA:30,1
DA:32,0
DA:34,0
DA:37,0
DA:38,0
DA:41,0
DA:43,0
DA:44,0
DA:47,0
DA:55,0
LF:16
LH:7
BRDA:41,0,0,0
BRDA:41,0,1,0
BRDA:43,1,0,0
BRDA:43,1,1,0
BRF:4
BRH:0
end_of_record
TN:
SF:/home/jgero/Documents/repos/roesena-app/hosting/src/app/app-root/start-page/start-page.component.ts
FN:17,(anonymous_0)
FNF:1
FNH:1
FNDA:1,(anonymous_0)
DA:13,1
DA:18,1
DA:19,1
LF:3
LH:3
BRF:0
BRH:0
end_of_record
TN:
SF:/home/jgero/Documents/repos/roesena-app/hosting/src/app/pages/articles/details/details.component.ts
FN:17,(anonymous_0)
FN:19,(anonymous_1)
FN:27,(anonymous_2)
FN:32,(anonymous_3)
FNF:4
FNH:3
FNDA:1,(anonymous_0)
FNDA:1,(anonymous_1)
FNDA:0,(anonymous_2)
FNDA:1,(anonymous_3)
DA:14,1
DA:17,1
DA:18,1
DA:20,1
DA:21,1
DA:28,0
DA:29,0
LF:7
LH:5
BRDA:20,0,0,1
BRDA:20,0,1,0
BRDA:29,1,0,0
BRDA:29,1,1,0
BRDA:29,1,2,0
BRF:5
BRH:1
end_of_record
TN:
SF:/home/jgero/Documents/repos/roesena-app/hosting/src/app/pages/articles/editor/editor.component.ts
FN:24,(anonymous_0)
FN:28,(anonymous_1)
FN:44,(anonymous_2)
FN:56,(anonymous_3)
FN:64,(anonymous_4)
FN:69,(anonymous_5)
FN:75,(anonymous_6)
FN:77,(anonymous_7)
FN:81,(anonymous_8)
FN:87,(anonymous_9)
FN:89,(anonymous_10)
FN:95,(anonymous_11)
FN:104,(anonymous_12)
FN:105,(anonymous_13)
FNF:14
FNH:4
FNDA:1,(anonymous_0)
FNDA:0,(anonymous_1)
FNDA:1,(anonymous_2)
FNDA:0,(anonymous_3)
FNDA:0,(anonymous_4)
FNDA:0,(anonymous_5)
FNDA:0,(anonymous_6)
FNDA:0,(anonymous_7)
FNDA:2,(anonymous_8)
FNDA:0,(anonymous_9)
FNDA:0,(anonymous_10)
FNDA:0,(anonymous_11)
FNDA:1,(anonymous_12)
FNDA:0,(anonymous_13)
DA:17,1
DA:20,1
DA:22,1
DA:24,1
DA:25,1
DA:26,1
DA:29,0
DA:30,0
DA:45,1
DA:46,1
DA:47,1
DA:57,0
DA:58,0
DA:59,0
DA:60,0
DA:61,0
DA:62,0
DA:65,0
DA:66,0
DA:69,0
DA:72,0
DA:76,0
DA:77,0
DA:82,2
DA:83,2
DA:84,0
DA:88,0
DA:89,0
DA:92,0
DA:96,0
DA:97,0
DA:98,0
DA:100,0
DA:101,0
DA:105,1
LF:35
LH:12
BRDA:27,0,0,0
BRDA:27,0,1,1
BRDA:29,1,0,0
BRDA:29,1,1,0
BRDA:45,2,0,0
BRDA:45,2,1,1
BRDA:63,3,0,0
BRDA:63,3,1,0
BRDA:82,4,0,0
BRDA:82,4,1,2
BRDA:83,5,0,2
BRDA:83,5,1,0
BRDA:97,6,0,0
BRDA:97,6,1,0
BRF:14
BRH:4
end_of_record
TN:
SF:/home/jgero/Documents/repos/roesena-app/hosting/src/app/pages/articles/overview/overview.component.ts
FN:20,(anonymous_0)
FN:25,(anonymous_1)
FNF:2
FNH:2
FNDA:1,(anonymous_0)
FNDA:2,(anonymous_1)
DA:17,1
DA:20,1
DA:21,1
DA:22,1
DA:26,2
DA:28,2
LF:6
LH:6
BRDA:28,0,0,2
BRDA:28,0,1,2
BRDA:28,0,2,2
BRF:3
BRH:3
end_of_record
TN:
SF:/home/jgero/Documents/repos/roesena-app/hosting/src/app/pages/auth/group-manager/group-manager.component.ts
FN:29,(anonymous_0)
FN:34,(anonymous_1)
FN:43,(anonymous_2)
FN:46,(anonymous_3)
FN:53,(anonymous_4)
FN:55,(anonymous_5)
FN:57,(anonymous_6)
FN:69,(anonymous_7)
FN:71,(anonymous_8)
FN:77,(anonymous_9)
FN:86,(anonymous_10)
FN:87,(anonymous_11)
FNF:12
FNH:4
FNDA:1,(anonymous_0)
FNDA:0,(anonymous_1)
FNDA:0,(anonymous_2)
FNDA:0,(anonymous_3)
FNDA:1,(anonymous_4)
FNDA:1,(anonymous_5)
FNDA:0,(anonymous_6)
FNDA:0,(anonymous_7)
FNDA:0,(anonymous_8)
FNDA:0,(anonymous_9)
FNDA:1,(anonymous_10)
FNDA:0,(anonymous_11)
DA:22,1
DA:25,1
DA:26,1
DA:27,1
DA:29,1
DA:30,1
DA:31,1
DA:35,0
DA:36,0
DA:39,0
DA:44,0
DA:45,0
DA:47,0
DA:48,0
DA:54,1
DA:56,1
DA:57,1
DA:64,1
DA:70,0
DA:71,0
DA:74,0
DA:78,0
DA:79,0
DA:80,0
DA:82,0
DA:83,0
DA:87,1
LF:27
LH:12
BRDA:35,0,0,0
BRDA:35,0,1,0
BRDA:37,1,0,0
BRDA:37,1,1,0
BRDA:79,2,0,0
BRDA:79,2,1,0
BRF:6
BRH:0
end_of_record
TN:
SF:/home/jgero/Documents/repos/roesena-app/hosting/src/app/pages/auth/login/login.component.ts
FN:22,(anonymous_0)
FN:24,(anonymous_1)
FN:25,(anonymous_2)
FN:30,(anonymous_3)
FN:38,(anonymous_4)
FN:46,(anonymous_5)
FN:51,(anonymous_6)
FN:55,(anonymous_7)
FN:56,(anonymous_8)
FNF:9
FNH:5
FNDA:1,(anonymous_0)
FNDA:1,(anonymous_1)
FNDA:0,(anonymous_2)
FNDA:4,(anonymous_3)
FNDA:0,(anonymous_4)
FNDA:0,(anonymous_5)
FNDA:0,(anonymous_6)
FNDA:1,(anonymous_7)
FNDA:1,(anonymous_8)
DA:15,1
DA:16,1
DA:20,1
DA:22,1
DA:23,1
DA:24,1
DA:25,0
DA:31,4
DA:32,4
DA:33,4
DA:34,4
DA:35,0
DA:39,0
DA:40,0
DA:42,0
DA:47,0
DA:48,0
DA:51,0
DA:56,1
LF:19
LH:11
BRDA:31,0,0,0
BRDA:31,0,1,4
BRDA:32,1,0,0
BRDA:32,1,1,4
BRDA:33,2,0,0
BRDA:33,2,1,4
BRDA:34,3,0,4
BRDA:34,3,1,0
BRDA:39,4,0,0
BRDA:39,4,1,0
BRF:10
BRH:4
end_of_record
TN:
SF:/home/jgero/Documents/repos/roesena-app/hosting/src/app/pages/auth/my-events/my-events.component.ts
FN:25,(anonymous_0)
FN:27,(anonymous_1)
FN:28,(anonymous_2)
FN:29,(anonymous_3)
FN:44,(anonymous_4)
FN:49,(anonymous_5)
FN:57,(anonymous_6)
FN:58,(anonymous_7)
FNF:8
FNH:3
FNDA:1,(anonymous_0)
FNDA:1,(anonymous_1)
FNDA:0,(anonymous_2)
FNDA:0,(anonymous_3)
FNDA:0,(anonymous_4)
FNDA:0,(anonymous_5)
FNDA:1,(anonymous_6)
FNDA:0,(anonymous_7)
DA:20,1
DA:22,1
DA:23,1
DA:25,1
DA:26,1
DA:28,1
DA:29,0
DA:30,0
DA:45,0
DA:46,0
DA:47,0
DA:50,0
DA:51,0
DA:58,1
LF:14
LH:7
BRDA:33,0,0,0
BRDA:33,0,1,0
BRF:2
BRH:0
end_of_record
TN:
SF:/home/jgero/Documents/repos/roesena-app/hosting/src/app/pages/auth/profile/profile.component.ts
FN:16,(anonymous_0)
FN:18,(anonymous_1)
FN:24,(anonymous_2)
FN:32,(anonymous_3)
FN:38,(anonymous_4)
FN:41,(anonymous_5)
FN:48,(anonymous_6)
FN:49,(anonymous_7)
FNF:8
FNH:2
FNDA:1,(anonymous_0)
FNDA:0,(anonymous_1)
FNDA:0,(anonymous_2)
FNDA:0,(anonymous_3)
FNDA:0,(anonymous_4)
FNDA:0,(anonymous_5)
FNDA:1,(anonymous_6)
FNDA:0,(anonymous_7)
DA:11,1
DA:12,1
DA:15,1
DA:16,1
DA:19,0
DA:20,0
DA:21,0
DA:22,0
DA:25,0
DA:26,0
DA:33,0
DA:34,0
DA:35,0
DA:39,0
DA:42,0
DA:49,1
LF:16
LH:5
BRDA:33,0,0,0
BRDA:33,0,1,0
BRDA:34,1,0,0
BRDA:34,1,1,0
BRF:4
BRH:0
end_of_record
TN:
SF:/home/jgero/Documents/repos/roesena-app/hosting/src/app/pages/auth/register/register.component.ts
FN:21,(anonymous_0)
FN:23,(anonymous_1)
FN:33,(anonymous_2)
FN:41,(anonymous_3)
FN:49,(anonymous_4)
FN:50,(anonymous_5)
FNF:6
FNH:3
FNDA:1,(anonymous_0)
FNDA:0,(anonymous_1)
FNDA:0,(anonymous_2)
FNDA:6,(anonymous_3)
FNDA:1,(anonymous_4)
FNDA:0,(anonymous_5)
DA:13,1
DA:14,1
DA:19,1
DA:21,1
DA:24,0
DA:25,0
DA:34,0
DA:35,0
DA:42,6
DA:43,6
DA:44,6
DA:45,6
DA:46,0
DA:50,1
LF:14
LH:9
BRDA:42,0,0,0
BRDA:42,0,1,6
BRDA:43,1,0,0
BRDA:43,1,1,6
BRDA:44,2,0,0
BRDA:44,2,1,6
BRDA:45,3,0,6
BRDA:45,3,1,0
BRF:8
BRH:4
end_of_record
TN:
SF:/home/jgero/Documents/repos/roesena-app/hosting/src/app/pages/auth/reset/reset.component.ts
FN:23,(anonymous_0)
FN:28,(anonymous_1)
FN:29,(anonymous_2)
FN:34,(anonymous_3)
FN:38,(anonymous_4)
FN:41,(anonymous_5)
FN:46,(anonymous_6)
FN:47,(anonymous_7)
FNF:8
FNH:4
FNDA:1,(anonymous_0)
FNDA:1,(anonymous_1)
FNDA:0,(anonymous_2)
FNDA:0,(anonymous_3)
FNDA:0,(anonymous_4)
FNDA:0,(anonymous_5)
FNDA:1,(anonymous_6)
FNDA:1,(anonymous_7)
DA:13,1
DA:14,1
DA:17,1
DA:21,1
DA:23,1
DA:24,1
DA:25,0
DA:27,1
DA:28,1
DA:29,0
DA:35,0
DA:39,0
DA:41,0
DA:47,1
LF:14
LH:9
BRDA:24,0,0,0
BRDA:24,0,1,1
BRDA:24,1,0,1
BRDA:24,1,1,0
BRF:4
BRH:2
end_of_record
TN:
SF:/home/jgero/Documents/repos/roesena-app/hosting/src/app/pages/calendar/calendar/calendar.component.ts
FN:18,(anonymous_0)
FN:21,(anonymous_1)
FN:23,(anonymous_2)
FN:25,(anonymous_3)
FN:27,(anonymous_4)
FN:30,(anonymous_5)
FN:31,(anonymous_6)
FN:33,(anonymous_7)
FN:38,(anonymous_8)
FN:42,(anonymous_9)
FN:50,(anonymous_10)
FN:51,(anonymous_11)
FN:55,(anonymous_12)
FN:56,(anonymous_13)
FN:59,(anonymous_14)
FN:68,(anonymous_15)
FN:71,(anonymous_16)
FN:75,(anonymous_17)
FNF:18
FNH:15
FNDA:1,(anonymous_0)
FNDA:1,(anonymous_1)
FNDA:1,(anonymous_2)
FNDA:1,(anonymous_3)
FNDA:1,(anonymous_4)
FNDA:1,(anonymous_5)
FNDA:1,(anonymous_6)
FNDA:1,(anonymous_7)
FNDA:31,(anonymous_8)
FNDA:0,(anonymous_9)
FNDA:1,(anonymous_10)
FNDA:1,(anonymous_11)
FNDA:0,(anonymous_12)
FNDA:0,(anonymous_13)
FNDA:2,(anonymous_14)
FNDA:2,(anonymous_15)
FNDA:2,(anonymous_16)
FNDA:2,(anonymous_17)
DA:13,1
DA:15,1
DA:16,1
DA:20,1
DA:21,1
DA:23,1
DA:25,1
DA:27,1
DA:30,1
DA:31,1
DA:35,1
DA:38,1
DA:39,31
DA:40,31
DA:41,31
DA:42,31
DA:43,0
DA:44,0
DA:47,31
DA:50,1
DA:51,1
DA:56,0
DA:61,2
DA:63,2
DA:65,2
DA:69,2
DA:72,2
DA:76,2
DA:77,2
DA:79,2
DA:80,2
DA:82,0
DA:83,0
DA:85,0
DA:86,0
DA:88,0
DA:89,0
DA:91,0
DA:92,0
DA:94,0
DA:95,0
DA:97,0
DA:98,0
DA:100,0
DA:101,0
DA:103,0
DA:104,0
DA:106,0
DA:107,0
DA:109,0
DA:110,0
DA:112,0
DA:113,0
DA:115,2
DA:116,2
LF:55
LH:30
BRDA:43,0,0,0
BRDA:43,0,1,0
BRDA:43,1,0,0
BRDA:43,1,1,0
BRDA:63,2,0,0
BRDA:63,2,1,2
BRDA:78,3,0,2
BRDA:78,3,1,0
BRDA:78,3,2,0
BRDA:78,3,3,0
BRDA:78,3,4,0
BRDA:78,3,5,0
BRDA:78,3,6,0
BRDA:78,3,7,0
BRDA:78,3,8,0
BRDA:78,3,9,0
BRDA:78,3,10,0
BRDA:78,3,11,0
BRF:18
BRH:2
end_of_record
TN:
SF:/home/jgero/Documents/repos/roesena-app/hosting/src/app/pages/calendar/day/day.component.ts
FN:46,(anonymous_0)
FN:18,(anonymous_1)
FN:48,(anonymous_2)
FN:54,(anonymous_3)
FNF:4
FNH:2
FNDA:1,(anonymous_0)
FNDA:2,(anonymous_1)
FNDA:0,(anonymous_2)
FNDA:0,(anonymous_3)
DA:11,1
DA:13,1
DA:15,1
DA:16,1
DA:19,2
DA:20,2
DA:22,0
DA:46,1
DA:49,0
DA:50,0
DA:55,0
DA:56,0
LF:12
LH:7
BRDA:19,0,0,2
BRDA:19,0,1,0
BRDA:19,1,0,2
BRDA:19,1,1,2
BRDA:26,2,0,0
BRDA:26,2,1,0
BRDA:30,3,0,0
BRDA:30,3,1,0
BRDA:34,4,0,0
BRDA:34,4,1,0
BRDA:38,5,0,0
BRDA:38,5,1,0
BRDA:49,6,0,0
BRDA:49,6,1,0
BRF:14
BRH:3
end_of_record
TN:
SF:/home/jgero/Documents/repos/roesena-app/hosting/src/app/pages/calendar/day/expand-collapse.animation.ts
FNF:0
FNH:0
DA:3,1
DA:12,1
DA:20,1
LF:3
LH:3
BRF:0
BRH:0
end_of_record
TN:
SF:/home/jgero/Documents/repos/roesena-app/hosting/src/app/pages/events/details/details.component.ts
FN:20,(anonymous_0)
FN:28,(anonymous_1)
FN:36,(anonymous_2)
FN:41,(anonymous_3)
FN:47,(anonymous_4)
FN:49,(anonymous_5)
FN:56,(anonymous_6)
FN:58,(anonymous_7)
FN:65,(anonymous_8)
FN:67,(anonymous_9)
FNF:10
FNH:2
FNDA:1,(anonymous_0)
FNDA:1,(anonymous_1)
FNDA:0,(anonymous_2)
FNDA:0,(anonymous_3)
FNDA:0,(anonymous_4)
FNDA:0,(anonymous_5)
FNDA:0,(anonymous_6)
FNDA:0,(anonymous_7)
FNDA:0,(anonymous_8)
FNDA:0,(anonymous_9)
DA:16,1
DA:21,1
DA:24,1
DA:25,1
DA:27,1
DA:29,1
DA:30,1
DA:37,0
DA:38,0
DA:42,0
DA:43,0
DA:48,0
DA:49,0
DA:50,0
DA:51,0
DA:53,0
DA:57,0
DA:58,0
DA:59,0
DA:60,0
DA:62,0
DA:66,0
DA:67,0
DA:68,0
DA:69,0
DA:71,0
LF:26
LH:7
BRDA:29,0,0,1
BRDA:29,0,1,0
BRDA:38,1,0,0
BRDA:38,1,1,0
BRDA:38,1,2,0
BRDA:42,2,0,0
BRDA:42,2,1,0
BRDA:50,3,0,0
BRDA:50,3,1,0
BRDA:59,4,0,0
BRDA:59,4,1,0
BRDA:68,5,0,0
BRDA:68,5,1,0
BRF:13
BRH:1
end_of_record
TN:
SF:/home/jgero/Documents/repos/roesena-app/hosting/src/app/pages/events/editor/editor.component.ts
FN:28,(anonymous_0)
FN:38,(anonymous_1)
FN:39,(anonymous_2)
FN:41,(anonymous_3)
FN:42,(anonymous_4)
FN:52,(anonymous_5)
FN:71,(anonymous_6)
FN:103,(anonymous_7)
FN:106,(anonymous_8)
FN:108,(anonymous_9)
FN:109,(anonymous_10)
FN:112,(anonymous_11)
FN:124,(anonymous_12)
FN:126,(anonymous_13)
FN:127,(anonymous_14)
FN:130,(anonymous_15)
FN:142,(anonymous_16)
FN:164,(anonymous_17)
FN:168,(anonymous_18)
FN:169,(anonymous_19)
FN:172,(anonymous_20)
FN:174,(anonymous_21)
FN:179,(anonymous_22)
FN:180,(anonymous_23)
FN:197,(anonymous_24)
FN:198,(anonymous_25)
FN:201,(anonymous_26)
FN:206,(anonymous_27)
FN:207,(anonymous_28)
FN:210,(anonymous_29)
FN:211,(anonymous_30)
FN:217,(anonymous_31)
FN:228,(anonymous_32)
FN:238,(anonymous_33)
FN:240,(anonymous_34)
FN:246,(anonymous_35)
FN:255,(anonymous_36)
FN:256,(anonymous_37)
FNF:38
FNH:11
FNDA:1,(anonymous_0)
FNDA:1,(anonymous_1)
FNDA:1,(anonymous_2)
FNDA:0,(anonymous_3)
FNDA:0,(anonymous_4)
FNDA:0,(anonymous_5)
FNDA:1,(anonymous_6)
FNDA:1,(anonymous_7)
FNDA:0,(anonymous_8)
FNDA:0,(anonymous_9)
FNDA:0,(anonymous_10)
FNDA:0,(anonymous_11)
FNDA:0,(anonymous_12)
FNDA:0,(anonymous_13)
FNDA:0,(anonymous_14)
FNDA:0,(anonymous_15)
FNDA:0,(anonymous_16)
FNDA:0,(anonymous_17)
FNDA:0,(anonymous_18)
FNDA:0,(anonymous_19)
FNDA:0,(anonymous_20)
FNDA:0,(anonymous_21)
FNDA:1,(anonymous_22)
FNDA:1,(anonymous_23)
FNDA:1,(anonymous_24)
FNDA:1,(anonymous_25)
FNDA:0,(anonymous_26)
FNDA:0,(anonymous_27)
FNDA:0,(anonymous_28)
FNDA:0,(anonymous_29)
FNDA:0,(anonymous_30)
FNDA:0,(anonymous_31)
FNDA:2,(anonymous_32)
FNDA:0,(anonymous_33)
FNDA:0,(anonymous_34)
FNDA:0,(anonymous_35)
FNDA:1,(anonymous_36)
FNDA:0,(anonymous_37)
DA:19,1
DA:24,1
DA:26,1
DA:30,1
DA:32,1
DA:33,1
DA:35,1
DA:36,1
DA:38,1
DA:40,1
DA:41,1
DA:42,0
DA:43,0
DA:44,0
DA:53,0
DA:54,0
DA:72,1
DA:73,1
DA:103,1
DA:107,0
DA:108,0
DA:110,0
DA:111,0
DA:112,0
DA:114,0
DA:116,0
DA:120,0
DA:121,0
DA:125,0
DA:126,0
DA:128,0
DA:129,0
DA:130,0
DA:132,0
DA:134,0
DA:138,0
DA:139,0
DA:143,0
DA:144,0
DA:159,0
DA:164,0
DA:165,0
DA:169,0
DA:173,0
DA:174,0
DA:175,0
DA:176,0
DA:180,1
DA:181,1
DA:182,1
DA:183,1
DA:185,1
DA:186,0
DA:188,1
DA:190,0
DA:192,0
DA:193,0
DA:198,1
DA:199,1
DA:200,1
DA:201,0
DA:202,0
DA:207,0
DA:211,0
DA:212,0
DA:214,0
DA:217,0
DA:221,0
DA:224,0
DA:225,0
DA:229,2
DA:230,2
DA:231,2
DA:232,2
DA:233,2
DA:234,2
DA:235,0
DA:239,0
DA:240,0
DA:243,0
DA:247,0
DA:248,0
DA:249,0
DA:251,0
DA:252,0
DA:256,1
LF:86
LH:30
BRDA:43,0,0,0
BRDA:43,0,1,0
BRDA:51,1,0,0
BRDA:51,1,1,1
BRDA:53,2,0,0
BRDA:53,2,1,0
BRDA:92,3,0,0
BRDA:92,3,1,1
BRDA:114,4,0,0
BRDA:114,4,1,0
BRDA:132,5,0,0
BRDA:132,5,1,0
BRDA:162,6,0,0
BRDA:162,6,1,0
BRDA:173,7,0,0
BRDA:173,7,1,0
BRDA:173,8,0,0
BRDA:173,8,1,0
BRDA:185,9,0,0
BRDA:185,9,1,1
BRDA:185,10,0,1
BRDA:185,10,1,1
BRDA:185,10,2,1
BRDA:188,11,0,1
BRDA:188,11,1,0
BRDA:188,12,0,1
BRDA:188,12,1,1
BRDA:188,12,2,1
BRDA:190,13,0,0
BRDA:190,13,1,0
BRDA:190,14,0,0
BRDA:190,14,1,0
BRDA:190,14,2,0
BRDA:190,14,3,0
BRDA:190,14,4,0
BRDA:190,14,5,0
BRDA:192,15,0,0
BRDA:192,15,1,0
BRDA:200,16,0,1
BRDA:200,16,1,0
BRDA:201,17,0,0
BRDA:201,17,1,0
BRDA:212,18,0,0
BRDA:212,18,1,0
BRDA:229,19,0,0
BRDA:229,19,1,2
BRDA:230,20,0,0
BRDA:230,20,1,2
BRDA:231,21,0,0
BRDA:231,21,1,2
BRDA:232,22,0,0
BRDA:232,22,1,2
BRDA:233,23,0,0
BRDA:233,23,1,2
BRDA:234,24,0,2
BRDA:234,24,1,0
BRDA:248,25,0,0
BRDA:248,25,1,0
BRF:58
BRH:17
end_of_record
TN:
SF:/home/jgero/Documents/repos/roesena-app/hosting/src/app/pages/events/overview/overview.component.ts
FN:20,(anonymous_0)
FN:25,(anonymous_1)
FNF:2
FNH:2
FNDA:1,(anonymous_0)
FNDA:2,(anonymous_1)
DA:17,1
DA:20,1
DA:21,1
DA:22,1
DA:26,2
DA:28,2
LF:6
LH:6
BRDA:28,0,0,2
BRDA:28,0,1,0
BRDA:28,0,2,0
BRF:3
BRH:1
end_of_record
TN:
SF:/home/jgero/Documents/repos/roesena-app/hosting/src/app/pages/groups/common/common.component.ts
FN:20,(anonymous_0)
FN:23,(anonymous_1)
FN:24,(anonymous_2)
FNF:3
FNH:3
FNDA:1,(anonymous_0)
FNDA:1,(anonymous_1)
FNDA:1,(anonymous_2)
DA:14,1
DA:21,1
DA:22,1
DA:23,1
DA:24,1
LF:5
LH:5
BRF:0
BRH:0
end_of_record
TN:
SF:/home/jgero/Documents/repos/roesena-app/hosting/src/app/pages/groups/garden/garden.component.ts
FN:18,(anonymous_0)
FNF:1
FNH:1
FNDA:1,(anonymous_0)
DA:8,1
DA:9,1
LF:2
LH:2
BRF:0
BRH:0
end_of_record
TN:
SF:/home/jgero/Documents/repos/roesena-app/hosting/src/app/pages/images/details/details.component.ts
FN:20,(anonymous_0)
FN:23,(anonymous_1)
FN:30,(anonymous_2)
FN:33,(anonymous_3)
FNF:4
FNH:4
FNDA:1,(anonymous_0)
FNDA:1,(anonymous_1)
FNDA:1,(anonymous_2)
FNDA:2,(anonymous_3)
DA:18,1
DA:20,1
DA:21,1
DA:24,1
DA:25,1
DA:30,1
DA:34,2
DA:35,2
LF:8
LH:8
BRDA:24,0,0,1
BRDA:24,0,1,0
BRDA:35,1,0,2
BRDA:35,1,1,0
BRDA:35,1,2,0
BRF:5
BRH:2
end_of_record
TN:
SF:/home/jgero/Documents/repos/roesena-app/hosting/src/app/pages/images/editor/editor.component.ts
FN:25,(anonymous_0)
FN:29,(anonymous_1)
FN:43,(anonymous_2)
FN:47,(anonymous_3)
FN:58,(anonymous_4)
FN:64,(anonymous_5)
FN:71,(anonymous_6)
FN:75,(anonymous_7)
FN:76,(anonymous_8)
FN:79,(anonymous_9)
FN:82,(anonymous_10)
FN:90,(anonymous_11)
FN:92,(anonymous_12)
FN:98,(anonymous_13)
FN:107,(anonymous_14)
FN:108,(anonymous_15)
FNF:16
FNH:3
FNDA:1,(anonymous_0)
FNDA:0,(anonymous_1)
FNDA:1,(anonymous_2)
FNDA:0,(anonymous_3)
FNDA:0,(anonymous_4)
FNDA:0,(anonymous_5)
FNDA:0,(anonymous_6)
FNDA:0,(anonymous_7)
FNDA:0,(anonymous_8)
FNDA:0,(anonymous_9)
FNDA:0,(anonymous_10)
FNDA:0,(anonymous_11)
FNDA:0,(anonymous_12)
FNDA:0,(anonymous_13)
FNDA:1,(anonymous_14)
FNDA:0,(anonymous_15)
DA:17,1
DA:19,1
DA:21,1
DA:23,1
DA:25,1
DA:26,1
DA:27,1
DA:30,0
DA:31,0
DA:44,1
DA:46,1
DA:47,0
DA:49,1
DA:50,1
DA:59,0
DA:60,0
DA:61,0
DA:62,0
DA:65,0
DA:66,0
DA:71,0
DA:72,0
DA:76,0
DA:80,0
DA:81,0
DA:82,0
DA:83,0
DA:84,0
DA:85,0
DA:87,0
DA:91,0
DA:92,0
DA:95,0
DA:99,0
DA:100,0
DA:101,0
DA:103,0
DA:104,0
DA:108,1
LF:39
LH:12
BRDA:28,0,0,0
BRDA:28,0,1,1
BRDA:30,1,0,0
BRDA:30,1,1,0
BRDA:44,2,0,0
BRDA:44,2,1,1
BRDA:46,3,0,0
BRDA:46,3,1,1
BRDA:63,4,0,0
BRDA:63,4,1,0
BRDA:80,5,0,0
BRDA:80,5,1,0
BRDA:100,6,0,0
BRDA:100,6,1,0
BRF:14
BRH:3
end_of_record
TN:
SF:/home/jgero/Documents/repos/roesena-app/hosting/src/app/pages/images/overview/overview.component.ts
FN:19,(anonymous_0)
FN:24,(anonymous_1)
FNF:2
FNH:2
FNDA:1,(anonymous_0)
FNDA:2,(anonymous_1)
DA:16,1
DA:19,1
DA:20,1
DA:21,1
DA:25,2
DA:27,2
LF:6
LH:6
BRDA:27,0,0,2
BRDA:27,0,1,0
BRDA:27,0,2,0
BRF:3
BRH:1
end_of_record
TN:
SF:/home/jgero/Documents/repos/roesena-app/hosting/src/app/services/auth.service.ts
FN:17,(anonymous_0)
FN:19,(anonymous_1)
FN:20,(anonymous_2)
FN:27,(anonymous_3)
FN:28,(anonymous_4)
FN:31,(anonymous_5)
FN:34,(anonymous_6)
FN:36,(anonymous_7)
FN:38,(anonymous_8)
FN:39,(anonymous_9)
FN:46,(anonymous_10)
FN:48,(anonymous_11)
FN:49,(anonymous_12)
FN:52,(anonymous_13)
FN:59,(anonymous_14)
FN:61,(anonymous_15)
FN:62,(anonymous_16)
FN:65,(anonymous_17)
FN:72,(anonymous_18)
FN:74,(anonymous_19)
FN:75,(anonymous_20)
FN:82,(anonymous_21)
FN:85,(anonymous_22)
FN:87,(anonymous_23)
FN:92,(anonymous_24)
FN:101,(anonymous_25)
FN:102,(anonymous_26)
FN:109,(anonymous_27)
FN:112,(anonymous_28)
FN:113,(anonymous_29)
FN:114,(anonymous_30)
FN:117,(anonymous_31)
FN:118,(anonymous_32)
FNF:33
FNH:0
FNDA:0,(anonymous_0)
FNDA:0,(anonymous_1)
FNDA:0,(anonymous_2)
FNDA:0,(anonymous_3)
FNDA:0,(anonymous_4)
FNDA:0,(anonymous_5)
FNDA:0,(anonymous_6)
FNDA:0,(anonymous_7)
FNDA:0,(anonymous_8)
FNDA:0,(anonymous_9)
FNDA:0,(anonymous_10)
FNDA:0,(anonymous_11)
FNDA:0,(anonymous_12)
FNDA:0,(anonymous_13)
FNDA:0,(anonymous_14)
FNDA:0,(anonymous_15)
FNDA:0,(anonymous_16)
FNDA:0,(anonymous_17)
FNDA:0,(anonymous_18)
FNDA:0,(anonymous_19)
FNDA:0,(anonymous_20)
FNDA:0,(anonymous_21)
FNDA:0,(anonymous_22)
FNDA:0,(anonymous_23)
FNDA:0,(anonymous_24)
FNDA:0,(anonymous_25)
FNDA:0,(anonymous_26)
FNDA:0,(anonymous_27)
FNDA:0,(anonymous_28)
FNDA:0,(anonymous_29)
FNDA:0,(anonymous_30)
FNDA:0,(anonymous_31)
FNDA:0,(anonymous_32)
DA:13,1
DA:14,0
DA:15,0
DA:17,0
DA:18,0
DA:19,0
DA:21,0
DA:28,0
DA:32,0
DA:34,0
DA:36,0
DA:38,0
DA:40,0
DA:41,0
DA:47,0
DA:48,0
DA:50,0
DA:53,0
DA:54,0
DA:60,0
DA:61,0
DA:63,0
DA:66,0
DA:67,0
DA:73,0
DA:74,0
DA:76,0
DA:77,0
DA:83,0
DA:86,0
DA:87,0
DA:93,0
DA:101,0
DA:103,0
DA:104,0
DA:110,0
DA:112,0
DA:113,0
DA:115,0
DA:117,0
DA:119,0
DA:120,0
LF:42
LH:1
BRDA:19,0,0,0
BRDA:19,0,1,0
BRDA:36,1,0,0
BRDA:36,1,1,0
BRDA:112,2,0,0
BRDA:112,2,1,0
BRF:6
BRH:0
end_of_record
TN:
SF:/home/jgero/Documents/repos/roesena-app/hosting/src/app/services/DAL/article-dal.service.ts
FN:36,(anonymous_0)
FN:38,(anonymous_1)
FN:45,(anonymous_2)
FN:52,(anonymous_3)
FN:63,(anonymous_4)
FN:66,(anonymous_5)
FN:74,(anonymous_6)
FN:81,(anonymous_7)
FN:87,(anonymous_8)
FN:88,(anonymous_9)
FN:95,(anonymous_10)
FN:97,(anonymous_11)
FN:109,(anonymous_12)
FN:116,(anonymous_13)
FN:118,(anonymous_14)
FN:138,(anonymous_15)
FN:144,(anonymous_16)
FN:151,(anonymous_17)
FN:153,(anonymous_18)
FN:154,(anonymous_19)
FN:157,(anonymous_20)
FN:164,(anonymous_21)
FN:166,(anonymous_22)
FN:167,(anonymous_23)
FN:170,(anonymous_24)
FN:177,(anonymous_25)
FN:179,(anonymous_26)
FN:180,(anonymous_27)
FN:183,(anonymous_28)
FN:191,toStorableArticle
FN:203,convertOne
FN:207,convertMany
FN:209,(anonymous_33)
FN:211,(anonymous_34)
FN:215,convertSnapshot
FNF:35
FNH:0
FNDA:0,(anonymous_0)
FNDA:0,(anonymous_1)
FNDA:0,(anonymous_2)
FNDA:0,(anonymous_3)
FNDA:0,(anonymous_4)
FNDA:0,(anonymous_5)
FNDA:0,(anonymous_6)
FNDA:0,(anonymous_7)
FNDA:0,(anonymous_8)
FNDA:0,(anonymous_9)
FNDA:0,(anonymous_10)
FNDA:0,(anonymous_11)
FNDA:0,(anonymous_12)
FNDA:0,(anonymous_13)
FNDA:0,(anonymous_14)
FNDA:0,(anonymous_15)
FNDA:0,(anonymous_16)
FNDA:0,(anonymous_17)
FNDA:0,(anonymous_18)
FNDA:0,(anonymous_19)
FNDA:0,(anonymous_20)
FNDA:0,(anonymous_21)
FNDA:0,(anonymous_22)
FNDA:0,(anonymous_23)
FNDA:0,(anonymous_24)
FNDA:0,(anonymous_25)
FNDA:0,(anonymous_26)
FNDA:0,(anonymous_27)
FNDA:0,(anonymous_28)
FNDA:0,toStorableArticle
FNDA:0,convertOne
FNDA:0,convertMany
FNDA:0,(anonymous_33)
FNDA:0,(anonymous_34)
FNDA:0,convertSnapshot
DA:33,1
DA:36,0
DA:39,0
DA:46,0
DA:47,0
DA:54,0
DA:55,0
DA:58,0
DA:59,0
DA:60,0
DA:62,0
DA:64,0
DA:65,0
DA:66,0
DA:67,0
DA:69,0
DA:75,0
DA:76,0
DA:82,0
DA:87,0
DA:89,0
DA:90,0
DA:96,0
DA:98,0
DA:100,0
DA:101,0
DA:102,0
DA:104,0
DA:110,0
DA:111,0
DA:117,0
DA:119,0
DA:121,0
DA:123,0
DA:125,0
DA:126,0
DA:128,0
DA:129,0
DA:131,0
DA:132,0
DA:134,0
DA:139,0
DA:140,0
DA:141,0
DA:145,0
DA:146,0
DA:152,0
DA:153,0
DA:155,0
DA:158,0
DA:159,0
DA:165,0
DA:166,0
DA:168,0
DA:171,0
DA:172,0
DA:178,0
DA:179,0
DA:181,0
DA:184,0
DA:185,0
DA:192,0
DA:193,0
DA:204,0
DA:209,0
DA:211,0
DA:212,0
DA:218,0
DA:219,0
DA:220,0
LF:70
LH:1
BRDA:54,0,0,0
BRDA:54,0,1,0
BRDA:58,1,0,0
BRDA:58,1,1,0
BRDA:58,2,0,0
BRDA:58,2,1,0
BRDA:58,2,2,0
BRDA:101,3,0,0
BRDA:101,3,1,0
BRDA:124,4,0,0
BRDA:124,4,1,0
BRDA:124,4,2,0
BRDA:139,5,0,0
BRDA:139,5,1,0
BRDA:218,6,0,0
BRDA:218,6,1,0
BRF:16
BRH:0
end_of_record
TN:
SF:/home/jgero/Documents/repos/roesena-app/hosting/src/app/services/DAL/event-dal.service.ts
FN:41,(anonymous_0)
FN:43,(anonymous_1)
FN:50,(anonymous_2)
FN:57,(anonymous_3)
FN:60,(anonymous_4)
FN:62,(anonymous_5)
FN:65,(anonymous_6)
FN:66,(anonymous_7)
FN:74,(anonymous_8)
FN:81,(anonymous_9)
FN:84,(anonymous_10)
FN:85,(anonymous_11)
FN:93,(anonymous_12)
FN:100,(anonymous_13)
FN:103,(anonymous_14)
FN:106,(anonymous_15)
FN:118,(anonymous_16)
FN:121,(anonymous_17)
FN:130,(anonymous_18)
FN:135,(anonymous_19)
FN:142,(anonymous_20)
FN:144,(anonymous_21)
FN:164,(anonymous_22)
FN:170,(anonymous_23)
FN:177,(anonymous_24)
FN:182,(anonymous_25)
FN:197,(anonymous_26)
FN:212,(anonymous_27)
FN:217,(anonymous_28)
FN:219,(anonymous_29)
FN:226,(anonymous_30)
FN:233,(anonymous_31)
FN:238,(anonymous_32)
FN:244,(anonymous_33)
FN:251,(anonymous_34)
FN:254,(anonymous_35)
FN:255,(anonymous_36)
FN:258,(anonymous_37)
FN:265,(anonymous_38)
FN:267,(anonymous_39)
FN:268,(anonymous_40)
FN:271,(anonymous_41)
FN:278,(anonymous_42)
FN:280,(anonymous_43)
FN:281,(anonymous_44)
FN:284,(anonymous_45)
FN:292,toStorableEvent
FN:304,(anonymous_48)
FN:308,convertOne
FN:312,convertMany
FN:314,(anonymous_51)
FN:316,(anonymous_52)
FN:320,convertSnapshot
FNF:53
FNH:0
FNDA:0,(anonymous_0)
FNDA:0,(anonymous_1)
FNDA:0,(anonymous_2)
FNDA:0,(anonymous_3)
FNDA:0,(anonymous_4)
FNDA:0,(anonymous_5)
FNDA:0,(anonymous_6)
FNDA:0,(anonymous_7)
FNDA:0,(anonymous_8)
FNDA:0,(anonymous_9)
FNDA:0,(anonymous_10)
FNDA:0,(anonymous_11)
FNDA:0,(anonymous_12)
FNDA:0,(anonymous_13)
FNDA:0,(anonymous_14)
FNDA:0,(anonymous_15)
FNDA:0,(anonymous_16)
FNDA:0,(anonymous_17)
FNDA:0,(anonymous_18)
FNDA:0,(anonymous_19)
FNDA:0,(anonymous_20)
FNDA:0,(anonymous_21)
FNDA:0,(anonymous_22)
FNDA:0,(anonymous_23)
FNDA:0,(anonymous_24)
FNDA:0,(anonymous_25)
FNDA:0,(anonymous_26)
FNDA:0,(anonymous_27)
FNDA:0,(anonymous_28)
FNDA:0,(anonymous_29)
FNDA:0,(anonymous_30)
FNDA:0,(anonymous_31)
FNDA:0,(anonymous_32)
FNDA:0,(anonymous_33)
FNDA:0,(anonymous_34)
FNDA:0,(anonymous_35)
FNDA:0,(anonymous_36)
FNDA:0,(anonymous_37)
FNDA:0,(anonymous_38)
FNDA:0,(anonymous_39)
FNDA:0,(anonymous_40)
FNDA:0,(anonymous_41)
FNDA:0,(anonymous_42)
FNDA:0,(anonymous_43)
FNDA:0,(anonymous_44)
FNDA:0,(anonymous_45)
FNDA:0,toStorableEvent
FNDA:0,(anonymous_48)
FNDA:0,convertOne
FNDA:0,convertMany
FNDA:0,(anonymous_51)
FNDA:0,(anonymous_52)
FNDA:0,convertSnapshot
DA:38,1
DA:41,0
DA:44,0
DA:51,0
DA:52,0
DA:58,0
DA:60,0
DA:61,0
DA:62,0
DA:65,0
DA:67,0
DA:68,0
DA:69,0
DA:71,0
DA:75,0
DA:76,0
DA:80,0
DA:81,0
DA:84,0
DA:86,0
DA:87,0
DA:88,0
DA:90,0
DA:94,0
DA:95,0
DA:101,0
DA:102,0
DA:104,0
DA:105,0
DA:106,0
DA:107,0
DA:109,0
DA:113,0
DA:114,0
DA:119,0
DA:120,0
DA:121,0
DA:122,0
DA:124,0
DA:130,0
DA:134,0
DA:136,0
DA:137,0
DA:143,0
DA:145,0
DA:147,0
DA:149,0
DA:151,0
DA:152,0
DA:154,0
DA:155,0
DA:157,0
DA:158,0
DA:160,0
DA:165,0
DA:166,0
DA:167,0
DA:171,0
DA:172,0
DA:179,0
DA:181,0
DA:183,0
DA:184,0
DA:185,0
DA:186,0
DA:188,0
DA:192,0
DA:193,0
DA:198,0
DA:199,0
DA:203,0
DA:204,0
DA:206,0
DA:212,0
DA:216,0
DA:219,0
DA:220,0
DA:222,0
DA:224,0
DA:227,0
DA:228,0
DA:234,0
DA:236,0
DA:237,0
DA:239,0
DA:245,0
DA:246,0
DA:252,0
DA:253,0
DA:254,0
DA:256,0
DA:259,0
DA:260,0
DA:266,0
DA:267,0
DA:269,0
DA:272,0
DA:273,0
DA:279,0
DA:280,0
DA:282,0
DA:285,0
DA:286,0
DA:293,0
DA:294,0
DA:304,0
DA:309,0
DA:314,0
DA:316,0
DA:317,0
DA:321,0
DA:322,0
DA:323,0
LF:113
LH:1
BRDA:67,0,0,0
BRDA:67,0,1,0
BRDA:67,1,0,0
BRDA:67,1,1,0
BRDA:86,2,0,0
BRDA:86,2,1,0
BRDA:86,3,0,0
BRDA:86,3,1,0
BRDA:113,4,0,0
BRDA:113,4,1,0
BRDA:113,5,0,0
BRDA:113,5,1,0
BRDA:142,6,0,0
BRDA:150,7,0,0
BRDA:150,7,1,0
BRDA:150,7,2,0
BRDA:165,8,0,0
BRDA:165,8,1,0
BRDA:177,9,0,0
BRDA:177,10,0,0
BRDA:185,11,0,0
BRDA:185,11,1,0
BRDA:192,12,0,0
BRDA:192,12,1,0
BRDA:192,13,0,0
BRDA:192,13,1,0
BRDA:203,14,0,0
BRDA:203,14,1,0
BRDA:220,15,0,0
BRDA:220,15,1,0
BRDA:236,16,0,0
BRDA:236,16,1,0
BRDA:236,17,0,0
BRDA:236,17,1,0
BRDA:302,18,0,0
BRDA:302,18,1,0
BRDA:321,19,0,0
BRDA:321,19,1,0
BRDA:331,20,0,0
BRDA:331,20,1,0
BRF:40
BRH:0
end_of_record
TN:
SF:/home/jgero/Documents/repos/roesena-app/hosting/src/app/services/DAL/image-dal.service.ts
FN:36,(anonymous_0)
FN:38,(anonymous_1)
FN:44,(anonymous_2)
FN:51,(anonymous_3)
FN:57,(anonymous_4)
FN:58,(anonymous_5)
FN:65,(anonymous_6)
FN:67,(anonymous_7)
FN:87,(anonymous_8)
FN:93,(anonymous_9)
FN:100,(anonymous_10)
FN:102,(anonymous_11)
FN:104,(anonymous_12)
FN:115,(anonymous_13)
FN:122,(anonymous_14)
FN:129,(anonymous_15)
FN:136,(anonymous_16)
FN:142,(anonymous_17)
FN:149,(anonymous_18)
FN:159,(anonymous_19)
FN:165,(anonymous_20)
FN:172,(anonymous_21)
FN:175,(anonymous_22)
FN:176,(anonymous_23)
FN:177,(anonymous_24)
FN:178,(anonymous_25)
FN:181,(anonymous_26)
FN:188,(anonymous_27)
FN:192,(anonymous_28)
FN:193,(anonymous_29)
FN:194,(anonymous_30)
FN:197,(anonymous_31)
FN:204,(anonymous_32)
FN:206,(anonymous_33)
FN:207,(anonymous_34)
FN:210,(anonymous_35)
FN:218,toStorableImage
FN:228,convertOne
FN:232,convertMany
FN:234,(anonymous_40)
FN:236,(anonymous_41)
FN:240,convertSnapshot
FNF:42
FNH:0
FNDA:0,(anonymous_0)
FNDA:0,(anonymous_1)
FNDA:0,(anonymous_2)
FNDA:0,(anonymous_3)
FNDA:0,(anonymous_4)
FNDA:0,(anonymous_5)
FNDA:0,(anonymous_6)
FNDA:0,(anonymous_7)
FNDA:0,(anonymous_8)
FNDA:0,(anonymous_9)
FNDA:0,(anonymous_10)
FNDA:0,(anonymous_11)
FNDA:0,(anonymous_12)
FNDA:0,(anonymous_13)
FNDA:0,(anonymous_14)
FNDA:0,(anonymous_15)
FNDA:0,(anonymous_16)
FNDA:0,(anonymous_17)
FNDA:0,(anonymous_18)
FNDA:0,(anonymous_19)
FNDA:0,(anonymous_20)
FNDA:0,(anonymous_21)
FNDA:0,(anonymous_22)
FNDA:0,(anonymous_23)
FNDA:0,(anonymous_24)
FNDA:0,(anonymous_25)
FNDA:0,(anonymous_26)
FNDA:0,(anonymous_27)
FNDA:0,(anonymous_28)
FNDA:0,(anonymous_29)
FNDA:0,(anonymous_30)
FNDA:0,(anonymous_31)
FNDA:0,(anonymous_32)
FNDA:0,(anonymous_33)
FNDA:0,(anonymous_34)
FNDA:0,(anonymous_35)
FNDA:0,toStorableImage
FNDA:0,convertOne
FNDA:0,convertMany
FNDA:0,(anonymous_40)
FNDA:0,(anonymous_41)
FNDA:0,convertSnapshot
DA:33,1
DA:36,0
DA:39,0
DA:45,0
DA:46,0
DA:52,0
DA:57,0
DA:59,0
DA:60,0
DA:66,0
DA:68,0
DA:70,0
DA:72,0
DA:74,0
DA:75,0
DA:77,0
DA:78,0
DA:80,0
DA:81,0
DA:83,0
DA:88,0
DA:89,0
DA:90,0
DA:94,0
DA:95,0
DA:101,0
DA:103,0
DA:104,0
DA:105,0
DA:107,0
DA:108,0
DA:110,0
DA:116,0
DA:117,0
DA:123,0
DA:130,0
DA:131,0
DA:137,0
DA:144,0
DA:151,0
DA:152,0
DA:160,0
DA:166,0
DA:167,0
DA:174,0
DA:175,0
DA:176,0
DA:177,0
DA:179,0
DA:182,0
DA:183,0
DA:189,0
DA:192,0
DA:193,0
DA:195,0
DA:198,0
DA:199,0
DA:205,0
DA:206,0
DA:208,0
DA:211,0
DA:212,0
DA:219,0
DA:220,0
DA:229,0
DA:234,0
DA:236,0
DA:237,0
DA:241,0
DA:242,0
DA:243,0
LF:71
LH:1
BRDA:73,0,0,0
BRDA:73,0,1,0
BRDA:73,0,2,0
BRDA:88,1,0,0
BRDA:88,1,1,0
BRDA:107,2,0,0
BRDA:107,2,1,0
BRDA:192,3,0,0
BRDA:192,3,1,0
BRDA:241,4,0,0
BRDA:241,4,1,0
BRF:11
BRH:0
end_of_record
TN:
SF:/home/jgero/Documents/repos/roesena-app/hosting/src/app/services/DAL/person-dal.service.ts
FN:33,(anonymous_0)
FN:35,(anonymous_1)
FN:42,(anonymous_2)
FN:49,(anonymous_3)
FN:51,(anonymous_4)
FN:61,(anonymous_5)
FN:68,(anonymous_6)
FN:74,(anonymous_7)
FN:75,(anonymous_8)
FN:82,(anonymous_9)
FN:84,(anonymous_10)
FN:101,(anonymous_11)
FN:107,(anonymous_12)
FN:114,(anonymous_13)
FN:118,(anonymous_14)
FN:119,(anonymous_15)
FN:126,(anonymous_16)
FN:130,(anonymous_17)
FN:131,(anonymous_18)
FN:134,(anonymous_19)
FN:142,toStorablePerson
FN:151,convertOne
FN:155,convertMany
FN:157,(anonymous_24)
FN:159,(anonymous_25)
FN:163,convertSnapshot
FNF:26
FNH:0
FNDA:0,(anonymous_0)
FNDA:0,(anonymous_1)
FNDA:0,(anonymous_2)
FNDA:0,(anonymous_3)
FNDA:0,(anonymous_4)
FNDA:0,(anonymous_5)
FNDA:0,(anonymous_6)
FNDA:0,(anonymous_7)
FNDA:0,(anonymous_8)
FNDA:0,(anonymous_9)
FNDA:0,(anonymous_10)
FNDA:0,(anonymous_11)
FNDA:0,(anonymous_12)
FNDA:0,(anonymous_13)
FNDA:0,(anonymous_14)
FNDA:0,(anonymous_15)
FNDA:0,(anonymous_16)
FNDA:0,(anonymous_17)
FNDA:0,(anonymous_18)
FNDA:0,(anonymous_19)
FNDA:0,toStorablePerson
FNDA:0,convertOne
FNDA:0,convertMany
FNDA:0,(anonymous_24)
FNDA:0,(anonymous_25)
FNDA:0,convertSnapshot
DA:30,1
DA:33,0
DA:36,0
DA:43,0
DA:44,0
DA:50,0
DA:52,0
DA:53,0
DA:54,0
DA:56,0
DA:62,0
DA:63,0
DA:69,0
DA:74,0
DA:76,0
DA:77,0
DA:83,0
DA:85,0
DA:86,0
DA:88,0
DA:89,0
DA:91,0
DA:92,0
DA:94,0
DA:95,0
DA:97,0
DA:102,0
DA:103,0
DA:104,0
DA:108,0
DA:109,0
DA:115,0
DA:118,0
DA:120,0
DA:121,0
DA:127,0
DA:130,0
DA:132,0
DA:135,0
DA:136,0
DA:143,0
DA:144,0
DA:152,0
DA:157,0
DA:159,0
DA:160,0
DA:164,0
DA:165,0
DA:166,0
LF:49
LH:1
BRDA:53,0,0,0
BRDA:53,0,1,0
BRDA:87,1,0,0
BRDA:87,1,1,0
BRDA:87,1,2,0
BRDA:102,2,0,0
BRDA:102,2,1,0
BRDA:164,3,0,0
BRDA:164,3,1,0
BRF:9
BRH:0
end_of_record
TN:
SF:/home/jgero/Documents/repos/roesena-app/hosting/src/app/shared/cards/article-card/article-card.component.ts
FN:17,(anonymous_0)
FN:19,(anonymous_1)
FNF:2
FNH:2
FNDA:1,(anonymous_0)
FNDA:2,(anonymous_1)
DA:11,1
DA:13,1
DA:15,1
DA:17,1
DA:20,2
DA:22,2
LF:6
LH:6
BRDA:22,0,0,2
BRDA:22,0,1,0
BRDA:22,0,2,0
BRF:3
BRH:1
end_of_record
TN:
SF:/home/jgero/Documents/repos/roesena-app/hosting/src/app/shared/cards/event-card/event-card.component.ts
FN:15,(anonymous_0)
FN:17,(anonymous_1)
FNF:2
FNH:2
FNDA:1,(anonymous_0)
FNDA:2,(anonymous_1)
DA:11,1
DA:13,1
DA:15,1
DA:18,2
DA:20,2
LF:5
LH:5
BRDA:20,0,0,2
BRDA:20,0,1,0
BRDA:20,0,2,0
BRF:3
BRH:1
end_of_record
TN:
SF:/home/jgero/Documents/repos/roesena-app/hosting/src/app/shared/cards/image-card/image-card.component.ts
FN:17,(anonymous_0)
FN:19,(anonymous_1)
FN:23,(anonymous_2)
FNF:3
FNH:3
FNDA:1,(anonymous_0)
FNDA:1,(anonymous_1)
FNDA:2,(anonymous_2)
DA:12,1
DA:14,1
DA:17,1
DA:20,1
DA:24,2
DA:26,2
LF:6
LH:6
BRDA:26,0,0,2
BRDA:26,0,1,0
BRDA:26,0,2,0
BRF:3
BRH:1
end_of_record
TN:
SF:/home/jgero/Documents/repos/roesena-app/hosting/src/app/shared/converters/converters.module.ts
FNF:0
FNH:0
DA:6,1
DA:13,1
LF:2
LH:2
BRF:0
BRH:0
end_of_record
TN:
SF:/home/jgero/Documents/repos/roesena-app/hosting/src/app/shared/converters/to-local-date/to-local-date-string.pipe.ts
FN:7,(anonymous_0)
FNF:1
FNH:1
FNDA:3,(anonymous_0)
DA:6,1
DA:8,3
LF:2
LH:2
BRF:0
BRH:0
end_of_record
TN:
SF:/home/jgero/Documents/repos/roesena-app/hosting/src/app/shared/converters/to-local-time/to-local-time-string.pipe.ts
FN:7,(anonymous_0)
FNF:1
FNH:0
FNDA:0,(anonymous_0)
DA:6,1
DA:8,0
LF:2
LH:1
BRF:0
BRH:0
end_of_record
TN:
SF:/home/jgero/Documents/repos/roesena-app/hosting/src/app/shared/markdown-viewer/markdown-preview/markdown-preview.component.ts
FN:12,(anonymous_0)
FNF:1
FNH:1
FNDA:1,(anonymous_0)
DA:8,1
DA:10,1
DA:11,1
LF:3
LH:3
BRF:0
BRH:0
end_of_record
TN:
SF:/home/jgero/Documents/repos/roesena-app/hosting/src/app/shared/markdown-viewer/markdown-viewer/markdown-viewer.component.ts
FN:12,(anonymous_0)
FN:15,(anonymous_1)
FNF:2
FNH:2
FNDA:1,(anonymous_0)
FNDA:2,(anonymous_1)
DA:9,1
DA:11,1
DA:12,1
DA:15,1
DA:16,2
LF:5
LH:5
BRF:0
BRH:0
end_of_record
TN:
SF:/home/jgero/Documents/repos/roesena-app/hosting/src/app/testing/stubs/activated-route.ts
FN:17,(anonymous_0)
FN:22,(anonymous_1)
FN:27,(anonymous_2)
FN:41,(anonymous_3)
FNF:4
FNH:4
FNDA:12,(anonymous_0)
FNDA:10,(anonymous_1)
FNDA:1,(anonymous_2)
FNDA:13,(anonymous_3)
DA:11,12
DA:18,12
DA:19,12
DA:20,12
DA:23,10
DA:28,1
DA:36,12
DA:42,13
LF:8
LH:8
BRF:0
BRH:0
end_of_record
TN:
SF:/home/jgero/Documents/repos/roesena-app/hosting/src/app/testing/stubs/article-dal.ts
FN:6,(anonymous_0)
FN:7,(anonymous_1)
FN:11,(anonymous_2)
FN:15,(anonymous_3)
FN:19,(anonymous_4)
FN:23,(anonymous_5)
FNF:6
FNH:6
FNDA:5,(anonymous_0)
FNDA:1,(anonymous_1)
FNDA:1,(anonymous_2)
FNDA:1,(anonymous_3)
FNDA:2,(anonymous_4)
FNDA:1,(anonymous_5)
DA:8,1
DA:12,1
DA:16,1
DA:20,2
DA:24,1
LF:5
LH:5
BRF:0
BRH:0
end_of_record
TN:
SF:/home/jgero/Documents/repos/roesena-app/hosting/src/app/testing/stubs/auth.ts
FN:6,(anonymous_0)
FNF:1
FNH:1
FNDA:17,(anonymous_0)
DA:5,17
LF:1
LH:1
BRF:0
BRH:0
end_of_record
TN:
SF:/home/jgero/Documents/repos/roesena-app/hosting/src/app/testing/stubs/breakpoint-observer.ts
FN:5,(anonymous_0)
FN:7,(anonymous_1)
FNF:2
FNH:2
FNDA:1,(anonymous_0)
FNDA:1,(anonymous_1)
DA:8,1
LF:1
LH:1
BRF:0
BRH:0
end_of_record
TN:
SF:/home/jgero/Documents/repos/roesena-app/hosting/src/app/testing/stubs/event-dal.ts
FN:5,(anonymous_0)
FN:7,(anonymous_1)
FN:11,(anonymous_2)
FN:15,(anonymous_3)
FN:19,(anonymous_4)
FNF:5
FNH:5
FNDA:7,(anonymous_0)
FNDA:1,(anonymous_1)
FNDA:3,(anonymous_2)
FNDA:1,(anonymous_3)
FNDA:1,(anonymous_4)
DA:8,1
DA:12,3
DA:16,1
DA:20,1
LF:4
LH:4
BRF:0
BRH:0
end_of_record
TN:
SF:/home/jgero/Documents/repos/roesena-app/hosting/src/app/testing/stubs/image-dal.ts
FN:6,(anonymous_0)
FN:8,(anonymous_1)
FN:12,(anonymous_2)
FN:16,(anonymous_3)
FN:20,(anonymous_4)
FN:24,(anonymous_5)
FN:28,(anonymous_6)
FNF:7
FNH:7
FNDA:6,(anonymous_0)
FNDA:1,(anonymous_1)
FNDA:2,(anonymous_2)
FNDA:1,(anonymous_3)
FNDA:2,(anonymous_4)
FNDA:1,(anonymous_5)
FNDA:1,(anonymous_6)
DA:9,1
DA:13,2
DA:17,1
DA:21,2
DA:25,1
DA:29,1
LF:6
LH:6
BRF:0
BRH:0
end_of_record
TN:
SF:/home/jgero/Documents/repos/roesena-app/hosting/src/app/testing/stubs/location.ts
FN:2,(anonymous_0)
FN:4,(anonymous_1)
FN:6,(anonymous_2)
FNF:3
FNH:1
FNDA:2,(anonymous_0)
FNDA:0,(anonymous_1)
FNDA:0,(anonymous_2)
DA:2,2
DA:7,0
LF:2
LH:1
BRDA:2,0,0,0
BRF:1
BRH:0
end_of_record
TN:
SF:/home/jgero/Documents/repos/roesena-app/hosting/src/app/testing/stubs/person-dal.ts
FN:6,(anonymous_0)
FN:8,(anonymous_1)
FN:12,(anonymous_2)
FN:16,(anonymous_3)
FN:20,(anonymous_4)
FN:24,(anonymous_5)
FNF:6
FNH:4
FNDA:4,(anonymous_0)
FNDA:0,(anonymous_1)
FNDA:1,(anonymous_2)
FNDA:1,(anonymous_3)
FNDA:1,(anonymous_4)
FNDA:0,(anonymous_5)
DA:9,0
DA:13,1
DA:17,1
DA:21,1
DA:25,0
LF:5
LH:3
BRF:0
BRH:0
end_of_record
TN:
SF:/home/jgero/Documents/repos/roesena-app/hosting/src/app/testing/stubs/snackbar.ts
FN:4,(anonymous_0)
FN:5,(anonymous_1)
FNF:2
FNH:1
FNDA:1,(anonymous_0)
FNDA:0,(anonymous_1)
DA:6,0
LF:1
LH:0
BRF:0
BRH:0
end_of_record
TN:
SF:/home/jgero/Documents/repos/roesena-app/hosting/src/app/utils/abstract-overview.ts
FN:15,(anonymous_0)
FN:11,(anonymous_1)
FN:17,(anonymous_2)
FN:28,(anonymous_3)
FN:25,(anonymous_4)
FN:26,(anonymous_5)
FN:32,(anonymous_6)
FN:35,(anonymous_7)
FN:41,(anonymous_8)
FN:49,(anonymous_9)
FN:57,(anonymous_10)
FN:69,(anonymous_11)
FN:64,(anonymous_12)
FN:73,(anonymous_13)
FN:78,(anonymous_14)
FN:86,(anonymous_15)
FNF:16
FNH:11
FNDA:3,(anonymous_0)
FNDA:14,(anonymous_1)
FNDA:0,(anonymous_2)
FNDA:3,(anonymous_3)
FNDA:0,(anonymous_4)
FNDA:0,(anonymous_5)
FNDA:3,(anonymous_6)
FNDA:3,(anonymous_7)
FNDA:2,(anonymous_8)
FNDA:0,(anonymous_9)
FNDA:3,(anonymous_10)
FNDA:2,(anonymous_11)
FNDA:8,(anonymous_12)
FNDA:2,(anonymous_13)
FNDA:4,(anonymous_14)
FNDA:0,(anonymous_15)
DA:12,14
DA:15,3
DA:18,0
DA:24,3
DA:26,0
DA:28,3
DA:29,3
DA:33,3
DA:34,3
DA:35,3
DA:36,3
DA:37,3
DA:42,2
DA:43,0
DA:45,2
DA:50,0
DA:51,0
DA:53,0
DA:58,3
DA:65,8
DA:67,2
DA:69,2
DA:70,2
DA:74,2
DA:75,2
DA:79,4
DA:80,0
DA:82,4
DA:87,0
DA:88,0
DA:89,0
LF:31
LH:21
BRDA:42,0,0,0
BRDA:42,0,1,2
BRDA:50,1,0,0
BRDA:50,1,1,0
BRDA:79,2,0,0
BRDA:79,2,1,4
BRDA:87,3,0,0
BRDA:87,3,1,0
BRDA:88,4,0,0
BRDA:88,4,1,0
BRF:10
BRH:2
end_of_record
TN:
SF:/home/jgero/Documents/repos/roesena-app/hosting/src/app/utils/animations.ts
FNF:0
FNH:0
DA:3,1
DA:21,1
DA:34,1
LF:3
LH:3
BRF:0
BRH:0
end_of_record
TN:
SF:/home/jgero/Documents/repos/roesena-app/hosting/src/app/utils/converters.ts
FN:1,arrayToMap
FN:3,(anonymous_1)
FN:9,mapToArray
FN:17,participantArrayToMap
FN:21,(anonymous_4)
FN:28,participantMapToArray
FNF:6
FNH:0
FNDA:0,arrayToMap
FNDA:0,(anonymous_1)
FNDA:0,mapToArray
FNDA:0,participantArrayToMap
FNDA:0,(anonymous_4)
FNDA:0,participantMapToArray
DA:2,0
DA:3,0
DA:4,0
DA:6,0
DA:10,0
DA:11,0
DA:12,0
DA:14,0
DA:20,0
DA:21,0
DA:22,0
DA:23,0
DA:25,0
DA:31,0
DA:32,0
DA:33,0
DA:35,0
LF:17
LH:0
BRF:0
BRH:0
end_of_record
TN:
SF:/home/jgero/Documents/repos/roesena-app/hosting/src/app/utils/enums.ts
FN:1,(anonymous_0)
FNF:1
FNH:1
FNDA:1,(anonymous_0)
DA:1,1
DA:2,1
DA:3,1
DA:4,1
LF:4
LH:4
BRDA:1,0,0,1
BRDA:1,0,1,1
BRF:2
BRH:2
end_of_record
